<?xml version="1.0" encoding="UTF-8"?>
<testng-results ignored="0" total="1" passed="1" failed="0" skipped="0">
  <reporter-output>
  </reporter-output>
  <suite started-at="2024-06-18T16:37:40 IST" name="Suite" finished-at="2024-06-18T16:38:53 IST" duration-ms="73239">
    <groups>
    </groups>
    <test started-at="2024-06-18T16:37:40 IST" name="Test" finished-at="2024-06-18T16:38:53 IST" duration-ms="73239">
      <class name="opencartTestCases.CheckoutTest">
        <test-method is-config="true" signature="invokeBrowser(java.lang.String)[pri:0, instance:opencartTestCases.CheckoutTest@72d1ad2e]" started-at="2024-06-18T16:37:40 IST" name="invokeBrowser" finished-at="2024-06-18T16:37:52 IST" duration-ms="12314" status="PASS">
          <params>
            <param index="0">
              <value>
                <![CDATA[chrome]]>
              </value>
            </param>
          </params>
          <reporter-output>
          </reporter-output>
        </test-method> <!-- invokeBrowser -->
        <test-method is-config="true" signature="loginAndCartTC()[pri:0, instance:opencartTestCases.CheckoutTest@72d1ad2e]" started-at="2024-06-18T16:37:52 IST" name="loginAndCartTC" finished-at="2024-06-18T16:38:36 IST" duration-ms="43644" status="PASS">
          <reporter-output>
          </reporter-output>
        </test-method> <!-- loginAndCartTC -->
        <test-method signature="checkoutTC()[pri:0, instance:opencartTestCases.CheckoutTest@72d1ad2e]" started-at="2024-06-18T16:38:36 IST" name="checkoutTC" finished-at="2024-06-18T16:38:48 IST" duration-ms="12180" status="PASS">
          <reporter-output>
          </reporter-output>
        </test-method> <!-- checkoutTC -->
        <test-method is-config="true" signature="logout()[pri:0, instance:opencartTestCases.CheckoutTest@72d1ad2e]" started-at="2024-06-18T16:38:48 IST" name="logout" finished-at="2024-06-18T16:38:49 IST" duration-ms="819" status="PASS">
          <reporter-output>
          </reporter-output>
        </test-method> <!-- logout -->
        <test-method is-config="true" signature="close()[pri:0, instance:opencartTestCases.CheckoutTest@72d1ad2e]" started-at="2024-06-18T16:38:49 IST" name="close" finished-at="2024-06-18T16:38:53 IST" duration-ms="4241" status="PASS">
          <reporter-output>
          </reporter-output>
        </test-method> <!-- close -->
      </class> <!-- opencartTestCases.CheckoutTest -->
    </test> <!-- Test -->
  </suite> <!-- Suite -->
</testng-results>
