<?xml version="1.0" encoding="UTF-8"?>
<testng-results ignored="0" total="1" passed="1" failed="0" skipped="0">
  <reporter-output>
  </reporter-output>
  <suite started-at="2024-06-18T22:39:50 IST" name="Suite" finished-at="2024-06-18T22:41:22 IST" duration-ms="92351">
    <groups>
    </groups>
    <test started-at="2024-06-18T22:39:50 IST" name="Test" finished-at="2024-06-18T22:41:22 IST" duration-ms="92351">
      <class name="opencartTestCases.CheckoutTest">
        <test-method is-config="true" signature="invokeBrowser(java.lang.String)[pri:0, instance:opencartTestCases.CheckoutTest@79207381]" started-at="2024-06-18T22:39:50 IST" name="invokeBrowser" finished-at="2024-06-18T22:40:01 IST" duration-ms="11760" status="PASS">
          <params>
            <param index="0">
              <value>
                <![CDATA[chrome]]>
              </value>
            </param>
          </params>
          <reporter-output>
          </reporter-output>
        </test-method> <!-- invokeBrowser -->
        <test-method is-config="true" signature="startTest()[pri:0, instance:opencartTestCases.CheckoutTest@79207381]" started-at="2024-06-18T22:40:01 IST" name="startTest" finished-at="2024-06-18T22:40:02 IST" duration-ms="266" status="PASS">
          <reporter-output>
          </reporter-output>
        </test-method> <!-- startTest -->
        <test-method is-config="true" signature="loginAndCartTC()[pri:0, instance:opencartTestCases.CheckoutTest@79207381]" started-at="2024-06-18T22:40:02 IST" name="loginAndCartTC" finished-at="2024-06-18T22:41:04 IST" duration-ms="61888" status="PASS">
          <reporter-output>
          </reporter-output>
        </test-method> <!-- loginAndCartTC -->
        <test-method signature="checkoutTC()[pri:0, instance:opencartTestCases.CheckoutTest@79207381]" started-at="2024-06-18T22:41:04 IST" name="checkoutTC" finished-at="2024-06-18T22:41:16 IST" duration-ms="12587" status="PASS">
          <reporter-output>
          </reporter-output>
        </test-method> <!-- checkoutTC -->
        <test-method is-config="true" signature="logout()[pri:0, instance:opencartTestCases.CheckoutTest@79207381]" started-at="2024-06-18T22:41:16 IST" name="logout" finished-at="2024-06-18T22:41:18 IST" duration-ms="1297" status="PASS">
          <reporter-output>
          </reporter-output>
        </test-method> <!-- logout -->
        <test-method is-config="true" signature="close()[pri:0, instance:opencartTestCases.CheckoutTest@79207381]" started-at="2024-06-18T22:41:18 IST" name="close" finished-at="2024-06-18T22:41:22 IST" duration-ms="4447" status="PASS">
          <reporter-output>
          </reporter-output>
        </test-method> <!-- close -->
      </class> <!-- opencartTestCases.CheckoutTest -->
    </test> <!-- Test -->
  </suite> <!-- Suite -->
</testng-results>
